TN:
SF:src/index.js
FN:9,extractTicketId
FN:34,extractPrefixTicketId
FN:54,makeShortcutRequest
FN:55,(anonymous_3)
FN:67,(anonymous_4)
FN:70,(anonymous_5)
FN:74,(anonymous_6)
FN:84,(anonymous_7)
FN:95,getWorkflowStates
FN:105,(anonymous_9)
FN:107,(anonymous_10)
FN:122,validateTicket
FN:136,(anonymous_12)
FN:143,(anonymous_13)
FN:165,run
FN:174,(anonymous_15)
FN:175,(anonymous_16)
FN:180,(anonymous_17)
FN:181,(anonymous_18)
FN:212,(anonymous_19)
FN:217,(anonymous_20)
FNF:21
FNH:3
FNDA:44,extractTicketId
FNDA:49,extractPrefixTicketId
FNDA:0,makeShortcutRequest
FNDA:0,(anonymous_3)
FNDA:0,(anonymous_4)
FNDA:0,(anonymous_5)
FNDA:0,(anonymous_6)
FNDA:0,(anonymous_7)
FNDA:0,getWorkflowStates
FNDA:0,(anonymous_9)
FNDA:0,(anonymous_10)
FNDA:0,validateTicket
FNDA:0,(anonymous_12)
FNDA:0,(anonymous_13)
FNDA:2,run
FNDA:0,(anonymous_15)
FNDA:0,(anonymous_16)
FNDA:0,(anonymous_17)
FNDA:0,(anonymous_18)
FNDA:0,(anonymous_19)
FNDA:0,(anonymous_20)
DA:1,2
DA:2,2
DA:3,2
DA:10,44
DA:15,44
DA:16,62
DA:17,62
DA:18,34
DA:22,10
DA:35,49
DA:42,49
DA:43,116
DA:44,116
DA:45,37
DA:48,12
DA:55,0
DA:56,0
DA:67,0
DA:68,0
DA:70,0
DA:71,0
DA:74,0
DA:75,0
DA:76,0
DA:77,0
DA:79,0
DA:84,0
DA:85,0
DA:88,0
DA:96,0
DA:97,0
DA:99,0
DA:100,0
DA:104,0
DA:105,0
DA:106,0
DA:107,0
DA:108,0
DA:113,0
DA:115,0
DA:123,0
DA:124,0
DA:126,0
DA:127,0
DA:130,0
DA:133,0
DA:134,0
DA:135,0
DA:136,0
DA:139,0
DA:140,0
DA:141,0
DA:142,0
DA:143,0
DA:144,0
DA:146,0
DA:148,0
DA:157,0
DA:166,2
DA:168,2
DA:169,2
DA:170,2
DA:171,2
DA:172,2
DA:174,0
DA:175,0
DA:176,0
DA:177,0
DA:178,0
DA:180,0
DA:181,0
DA:184,0
DA:185,0
DA:188,0
DA:189,0
DA:193,0
DA:196,0
DA:197,0
DA:198,0
DA:201,0
DA:207,0
DA:208,0
DA:211,0
DA:212,0
DA:213,0
DA:216,0
DA:217,0
DA:218,0
DA:220,0
DA:221,0
DA:222,0
DA:223,0
DA:228,0
DA:229,0
DA:230,0
DA:237,0
DA:238,0
DA:241,0
DA:244,0
DA:246,0
DA:247,0
DA:251,0
DA:252,0
DA:256,0
DA:257,0
DA:258,0
DA:260,0
DA:264,0
DA:267,2
DA:272,2
DA:279,2
LF:111
LH:24
BRDA:17,0,0,34
BRDA:17,0,1,28
BRDA:44,1,0,37
BRDA:44,1,1,79
BRDA:99,2,0,0
BRDA:99,2,1,0
BRDA:100,3,0,0
BRDA:100,3,1,0
BRDA:106,4,0,0
BRDA:106,4,1,0
BRDA:122,5,0,0
BRDA:126,6,0,0
BRDA:126,6,1,0
BRDA:127,7,0,0
BRDA:127,7,1,0
BRDA:134,8,0,0
BRDA:134,8,1,0
BRDA:140,9,0,0
BRDA:140,9,1,0
BRDA:140,10,0,0
BRDA:140,10,1,0
BRDA:140,10,2,0
BRDA:142,11,0,0
BRDA:142,11,1,0
BRDA:176,12,0,0
BRDA:176,12,1,0
BRDA:177,13,0,0
BRDA:177,13,1,0
BRDA:188,14,0,0
BRDA:188,14,1,0
BRDA:197,15,0,0
BRDA:197,15,1,0
BRDA:197,16,0,0
BRDA:197,16,1,0
BRDA:211,17,0,0
BRDA:211,17,1,0
BRDA:216,18,0,0
BRDA:216,18,1,0
BRDA:228,19,0,0
BRDA:228,19,1,0
BRDA:229,20,0,0
BRDA:229,20,1,0
BRDA:230,21,0,0
BRDA:230,21,1,0
BRDA:246,22,0,0
BRDA:246,22,1,0
BRF:46
BRH:4
end_of_record
